{
  "RSpec": {
    "coverage": {
      "/Users/Student/Documents/workspace/oystercard/spec/journey_spec.rb": [
        null,
        null,
        1,
        1,
        4,
        1,
        1,
        null,
        1,
        1,
        null,
        1,
        null,
        1,
        1,
        null,
        1,
        1,
        null,
        1,
        1,
        null,
        null,
        1,
        2,
        1,
        1,
        1,
        null,
        null,
        1,
        1,
        null,
        null,
        null
      ],
      "/Users/Student/Documents/workspace/oystercard/lib/journey.rb": [
        null,
        1,
        null,
        1,
        1,
        null,
        1,
        13,
        13,
        null,
        null,
        1,
        6,
        null,
        null,
        1,
        5,
        null,
        null,
        1,
        6,
        null,
        null,
        1,
        3,
        null,
        null,
        null
      ],
      "/Users/Student/Documents/workspace/oystercard/lib/station.rb": [
        null,
        null,
        1,
        1,
        1,
        7,
        7,
        null,
        null
      ],
      "/Users/Student/Documents/workspace/oystercard/spec/oystercard_spec.rb": [
        null,
        null,
        1,
        1,
        1,
        2,
        2,
        null,
        1,
        1,
        null,
        null,
        1,
        1,
        1,
        null,
        null,
        1,
        1,
        1,
        2,
        null,
        null,
        1,
        1,
        1,
        null,
        null,
        1,
        1,
        2,
        null,
        null,
        1,
        1,
        1,
        1,
        4,
        1,
        null,
        null,
        1,
        3,
        4,
        3,
        null,
        1,
        4,
        null,
        1,
        1,
        null,
        1,
        1,
        4,
        1,
        null,
        1,
        1,
        4,
        1,
        null,
        1,
        null,
        1,
        1,
        1,
        1,
        null,
        null,
        1,
        1,
        1,
        1,
        null,
        null,
        null
      ],
      "/Users/Student/Documents/workspace/oystercard/lib/oystercard.rb": [
        null,
        null,
        1,
        1,
        null,
        1,
        1,
        1,
        1,
        1,
        1,
        13,
        13,
        13,
        null,
        null,
        1,
        9,
        null,
        8,
        null,
        null,
        1,
        5,
        null,
        4,
        1,
        1,
        null,
        4,
        4,
        null,
        null,
        1,
        3,
        3,
        3,
        2,
        null,
        1,
        null,
        3,
        3,
        null,
        null,
        1,
        4,
        null,
        null,
        1,
        2,
        null,
        null,
        1,
        2,
        null,
        null,
        1,
        9,
        null,
        null,
        1,
        5,
        null,
        null
      ],
      "/Users/Student/Documents/workspace/oystercard/spec/station_spec.rb": [
        null,
        null,
        1,
        1,
        3,
        1,
        1,
        null,
        1,
        1,
        null,
        null
      ]
    },
    "timestamp": 1582838365
  }
}
